<?xml version="1.0" encoding="UTF-8"?>
<!-- Generated by org.testng.reporters.JUnitReportReporter -->
<testsuite hostname="LAPTOP-5J1SUONT" failures="0" tests="1" name="org.SampleTestng.AdactinLogout" time="0.840" errors="0" timestamp="17 Jul 2024 13:38:15 GMT">
  <testcase classname="org.SampleTestng.AdactinLogout" name="tc2" time="0.840"/>
</testsuite> <!-- org.SampleTestng.AdactinLogout -->
