<?xml version="1.0" encoding="UTF-8"?>
<!-- Generated by org.testng.reporters.JUnitReportReporter -->
<testsuite hostname="LAPTOP-5J1SUONT" failures="0" tests="1" name="org.SampleTestng.Sample" time="0.155" errors="0" timestamp="16 Jul 2024 10:00:12 GMT">
  <testcase classname="org.SampleTestng.Sample" name="tc1" time="0.155"/>
</testsuite> <!-- org.SampleTestng.Sample -->
